<?xml version="1.0" encoding="UTF-8"?>
<robot generator="Robot 7.4.2 (Python 3.14.5 on win32)" generated="2026-05-23T01:01:09.631820" rpa="false" schemaversion="5">
<suite id="s1" name="Speedtest" source="C:\Users\Admin\PycharmProjects\PythonProject9\TestCases\speedtest.robot">
<test id="s1-t1" name="regtest" line="11">
<kw name="Open Browser" owner="SeleniumLibrary">
<msg time="2026-05-23T01:01:10.667720" level="INFO">Opening browser 'chrome' to base url 'https://demowebshop.tricentis.com/register'.</msg>
<arg>${url}</arg>
<arg>${browser}</arg>
<doc>Opens a new browser instance to the optional ``url``.</doc>
<status status="PASS" start="2026-05-23T01:01:10.666642" elapsed="4.300730"/>
</kw>
<kw name="Maximize Browser Window" owner="SeleniumLibrary">
<doc>Maximizes current browser window.</doc>
<status status="PASS" start="2026-05-23T01:01:14.968292" elapsed="0.084430"/>
</kw>
<kw name="Get Selenium Timeout" owner="SeleniumLibrary">
<msg time="2026-05-23T01:01:15.054651" level="INFO">${time} = 5 seconds</msg>
<var>${time}</var>
<doc>Gets the timeout that is used by various keywords.</doc>
<status status="PASS" start="2026-05-23T01:01:15.053931" elapsed="0.000877"/>
</kw>
<kw name="Log To Console" owner="BuiltIn">
<arg>${time}</arg>
<doc>Logs the given message to the console.</doc>
<status status="PASS" start="2026-05-23T01:01:15.055649" elapsed="0.001704"/>
</kw>
<kw name="Set Selenium Timeout" owner="SeleniumLibrary">
<arg>10 seconds</arg>
<doc>Sets the timeout that is used by various keywords.</doc>
<status status="PASS" start="2026-05-23T01:01:15.057927" elapsed="0.002755"/>
</kw>
<kw name="Wait Until Page Contains" owner="SeleniumLibrary">
<msg time="2026-05-23T01:01:25.353557" level="INFO" html="true">&lt;/td&gt;&lt;/tr&gt;&lt;tr&gt;&lt;td colspan="3"&gt;&lt;a href="selenium-screenshot-12.png"&gt;&lt;img src="selenium-screenshot-12.png" width="800px"&gt;&lt;/a&gt;</msg>
<msg time="2026-05-23T01:01:25.354057" level="FAIL">Text 'Registeration' did not appear in 10 seconds.</msg>
<arg>Registeration</arg>
<doc>Waits until ``text`` appears on the current page.</doc>
<status status="FAIL" start="2026-05-23T01:01:15.061397" elapsed="10.297826">Text 'Registeration' did not appear in 10 seconds.</status>
</kw>
<kw name="Select Radio Button" owner="SeleniumLibrary">
<arg>Gender</arg>
<arg>F</arg>
<doc>Sets the radio button group ``group_name`` to ``value``.</doc>
<status status="NOT RUN" start="2026-05-23T01:01:25.359931" elapsed="0.000097"/>
</kw>
<kw name="Input Text" owner="SeleniumLibrary">
<arg>id=FirstName</arg>
<arg>Madhusmita</arg>
<doc>Types the given ``text`` into the text field identified by ``locator``.</doc>
<status status="NOT RUN" start="2026-05-23T01:01:25.360508" elapsed="0.000088"/>
</kw>
<kw name="Input Text" owner="SeleniumLibrary">
<arg>id=LastName</arg>
<arg>Sahoo</arg>
<doc>Types the given ``text`` into the text field identified by ``locator``.</doc>
<status status="NOT RUN" start="2026-05-23T01:01:25.361078" elapsed="0.000087"/>
</kw>
<kw name="Input Text" owner="SeleniumLibrary">
<arg>id=Email</arg>
<arg>msmadhusmitasahoo2003@gamil.com</arg>
<doc>Types the given ``text`` into the text field identified by ``locator``.</doc>
<status status="NOT RUN" start="2026-05-23T01:01:25.362169" elapsed="0.000095"/>
</kw>
<kw name="Input Text" owner="SeleniumLibrary">
<arg>id=Password</arg>
<arg>@Madhu2003</arg>
<doc>Types the given ``text`` into the text field identified by ``locator``.</doc>
<status status="NOT RUN" start="2026-05-23T01:01:25.362728" elapsed="0.000087"/>
</kw>
<kw name="Input Text" owner="SeleniumLibrary">
<arg>id=ConfirmPassword</arg>
<arg>@Madhu2003</arg>
<doc>Types the given ``text`` into the text field identified by ``locator``.</doc>
<status status="NOT RUN" start="2026-05-23T01:01:25.363268" elapsed="0.000090"/>
</kw>
<status status="FAIL" start="2026-05-23T01:01:10.663047" elapsed="14.700902">Text 'Registeration' did not appear in 10 seconds.</status>
</test>
<status status="FAIL" start="2026-05-23T01:01:09.638497" elapsed="15.727825"/>
</suite>
<statistics>
<total>
<stat pass="0" fail="1" skip="0">All Tests</stat>
</total>
<tag>
</tag>
<suite>
<stat name="Speedtest" id="s1" pass="0" fail="1" skip="0">Speedtest</stat>
</suite>
</statistics>
<errors>
</errors>
</robot>
